{"level":"error","datetime":"2024-06-25T09:11:29.816Z","message":"get_orders response","data":{"code":-16,"message":"Could not authenticate the user","s":"error"},"functionName":"get_orders"}
{"level":"debug","datetime":"2024-06-25T09:11:39.089Z","message":"get_orders response","data":{"code":200,"message":"","s":"ok","orderBook":[]},"functionName":"get_orders"}
{"level":"debug","datetime":"2024-06-25T09:12:07.568Z","message":"get_orders response","data":{"code":200,"message":"","s":"ok","orderBook":[]},"functionName":"get_orders"}
{"level":"debug","datetime":"2024-06-25T09:12:21.751Z","message":"get_orders response","data":{"code":200,"message":"","s":"ok","orderBook":[]},"functionName":"get_orders"}
{"level":"debug","datetime":"2024-06-25T09:12:52.628Z","message":"get_orders response","data":{"code":200,"message":"","s":"ok","orderBook":[]},"functionName":"get_orders"}
{"level":"debug","datetime":"2024-06-25T09:12:52.788Z","message":"get_positions response","data":{"code":200,"message":"","s":"ok","netPositions":[],"overall":{"count_open":0,"count_total":0,"pl_realized":0,"pl_total":0,"pl_unrealized":0}},"functionName":"get_positions"}
{"level":"debug","datetime":"2024-06-25T09:13:24.274Z","message":"get_tradebook response","data":{"code":200,"message":"","s":"ok","tradeBook":[]},"functionName":"get_tradebook"}
{"level":"debug","datetime":"2024-06-25T09:13:24.280Z","message":"get_orders response","data":{"code":200,"message":"","s":"ok","orderBook":[]},"functionName":"get_orders"}
{"level":"debug","datetime":"2024-06-25T09:13:24.405Z","message":"get_positions response","data":{"code":200,"message":"","s":"ok","netPositions":[],"overall":{"count_open":0,"count_total":0,"pl_realized":0,"pl_total":0,"pl_unrealized":0}},"functionName":"get_positions"}
{"level":"debug","datetime":"2024-06-25T09:14:10.613Z","message":"get_orders response","data":{"code":200,"message":"","s":"ok","orderBook":[]},"functionName":"get_orders"}
{"level":"debug","datetime":"2024-06-25T09:14:10.671Z","message":"get_tradebook response","data":{"code":200,"message":"","s":"ok","tradeBook":[]},"functionName":"get_tradebook"}
{"level":"debug","datetime":"2024-06-25T09:14:10.746Z","message":"get_positions response","data":{"code":200,"message":"","s":"ok","netPositions":[],"overall":{"count_open":0,"count_total":0,"pl_realized":0,"pl_total":0,"pl_unrealized":0}},"functionName":"get_positions"}
{"level":"debug","datetime":"2024-06-25T09:14:47.847Z","message":"get_orders response","data":{"code":200,"message":"","s":"ok","orderBook":[]},"functionName":"get_orders"}
{"level":"debug","datetime":"2024-06-25T09:14:47.993Z","message":"get_positions response","data":{"code":200,"message":"","s":"ok","netPositions":[],"overall":{"count_open":0,"count_total":0,"pl_realized":0,"pl_total":0,"pl_unrealized":0}},"functionName":"get_positions"}
{"level":"debug","datetime":"2024-06-25T09:14:48.200Z","message":"get_tradebook response","data":{"code":200,"message":"","s":"ok","tradeBook":[]},"functionName":"get_tradebook"}
{"level":"debug","datetime":"2024-06-25T09:14:48.785Z","message":"place_order response","data":{"code":-99,"message":"RED:RULE:{Check circuit limit including square off order}Current:INR 355.00 LowerCircuit:INR 749.45 UpperCircuit:INR 915.95:NSE.SBIN-EQ for C-YA14221 [FYERS_RISK_CUG]","s":"error","id":"24062500484042"},"functionName":"place_order"}
{"level":"debug","datetime":"2024-06-25T09:14:56.085Z","message":"get_tradebook response","data":{"code":200,"message":"","s":"ok","tradeBook":[]},"functionName":"get_tradebook"}
{"level":"debug","datetime":"2024-06-25T09:14:56.248Z","message":"get_positions response","data":{"code":200,"message":"","s":"ok","netPositions":[],"overall":{"count_open":0,"count_total":0,"pl_realized":0,"pl_total":0,"pl_unrealized":0}},"functionName":"get_positions"}
{"level":"debug","datetime":"2024-06-25T09:14:56.463Z","message":"get_orders response","data":{"code":200,"message":"","s":"ok","orderBook":[{"clientId":"YA14221","exchange":10,"fyToken":"10100000003045","id":"24062500484042","instrument":0,"offlineOrder":false,"source":"API","status":5,"type":1,"pan":"BCWPA2714C","limitPrice":355,"productType":"INTRADAY","qty":1,"disclosedQty":0,"remainingQuantity":0,"segment":10,"symbol":"NSE:SBIN-EQ","description":"STATE BANK OF INDIA","ex_sym":"SBIN","orderDateTime":"25-Jun-2024 14:44:48","side":-1,"orderValidity":"DAY","stopPrice":0,"tradedPrice":0,"filledQty":0,"exchOrdId":"","message":"RED:RULE:{Check circuit limit including square off order}Current:INR 355.00 LowerCircuit:INR 749.45 UpperCircuit:INR 915.95:NSE.SBIN-EQ for C-YA14221 [FYERS_RISK_CUG]","ch":11.15,"chp":1.3390176534165965,"lp":843.85,"orderNumStatus":"24062500484042:5","slNo":1,"orderTag":"2:Untagged"}]},"functionName":"get_orders"}
{"level":"error","datetime":"2024-06-25T09:17:18.730Z","message":"get_profile response","data":{"s":"error","code":-17,"message":"Could not authenticate the user"},"functionName":"get_profile"}
{"level":"error","datetime":"2024-06-25T09:17:29.663Z","message":"get_profile response","data":{"s":"error","code":-17,"message":"Could not authenticate the user"},"functionName":"get_profile"}
{"level":"error","datetime":"2024-06-25T09:17:40.010Z","message":"get_profile response","data":{"s":"error","code":-17,"message":"Could not authenticate the user"},"functionName":"get_profile"}
{"level":"debug","datetime":"2024-06-25T09:17:59.401Z","message":"get_profile response","data":{"s":"ok","code":200,"message":"","data":{"fy_id":"YA14221","name":"ASWINI GAJJALA","image":null,"display_name":null,"pin_change_date":"28-03-2024 11:55:00","email_id":"itaswini@gmail.com","pwd_change_date":null,"PAN":"---------","mobile_number":"9739485495","totp":true,"pwd_to_expire":90}},"functionName":"get_profile"}
{"level":"debug","datetime":"2024-06-25T09:33:53.923Z","message":"get_profile response","data":{"s":"ok","code":200,"message":"","data":{"fy_id":"YA14221","name":"ASWINI GAJJALA","image":null,"display_name":null,"pin_change_date":"28-03-2024 11:55:00","email_id":"itaswini@gmail.com","pwd_change_date":null,"PAN":"---------","mobile_number":"9739485495","totp":true,"pwd_to_expire":90}},"functionName":"get_profile"}
{"level":"debug","datetime":"2024-06-25T09:36:34.725Z","message":"get_profile response","data":{"s":"ok","code":200,"message":"","data":{"fy_id":"YA14221","name":"ASWINI GAJJALA","image":null,"display_name":null,"pin_change_date":"28-03-2024 11:55:00","email_id":"itaswini@gmail.com","pwd_change_date":null,"PAN":"---------","mobile_number":"9739485495","totp":true,"pwd_to_expire":90}},"functionName":"get_profile"}
{"level":"debug","datetime":"2024-06-25T09:36:35.717Z","message":"get_profile response","data":{"s":"ok","code":200,"message":"","data":{"fy_id":"YA14221","name":"ASWINI GAJJALA","image":null,"display_name":null,"pin_change_date":"28-03-2024 11:55:00","email_id":"itaswini@gmail.com","pwd_change_date":null,"PAN":"---------","mobile_number":"9739485495","totp":true,"pwd_to_expire":90}},"functionName":"get_profile"}
{"level":"debug","datetime":"2024-06-25T09:37:02.452Z","message":"get_profile response","data":{"s":"ok","code":200,"message":"","data":{"fy_id":"YA14221","name":"ASWINI GAJJALA","image":null,"display_name":null,"pin_change_date":"28-03-2024 11:55:00","email_id":"itaswini@gmail.com","pwd_change_date":null,"PAN":"---------","mobile_number":"9739485495","totp":true,"pwd_to_expire":90}},"functionName":"get_profile"}
{"level":"error","datetime":"2024-06-25T11:28:58.237Z","message":"get_profile response","data":{"s":"error","code":-21,"message":"Could not authenticate the user"},"functionName":"get_profile"}
{"level":"error","datetime":"2024-06-25T11:29:26.454Z","message":"get_profile response","data":{"s":"error","code":-21,"message":"Could not authenticate the user"},"functionName":"get_profile"}
{"level":"error","datetime":"2024-06-25T11:29:32.959Z","message":"get_profile response","data":{"s":"error","code":-21,"message":"Could not authenticate the user"},"functionName":"get_profile"}
{"level":"error","datetime":"2024-06-25T11:42:29.025Z","message":"get_profile response","data":{"s":"error","code":-17,"message":"Could not authenticate the user"},"functionName":"get_profile"}
{"level":"error","datetime":"2024-06-25T11:42:35.565Z","message":"get_profile response","data":{"s":"error","code":-17,"message":"Could not authenticate the user"},"functionName":"get_profile"}
